<?xml version="1.0" encoding="UTF-8"?>
<testng-results ignored="0" total="1" passed="1" failed="0" skipped="0">
  <reporter-output>
  </reporter-output>
  <suite started-at="2019-09-11T07:54:07Z" name="mbabilo.Tests" finished-at="2019-09-11T07:54:07Z" duration-ms="26">
    <groups>
    </groups>
    <test started-at="2019-09-11T07:54:07Z" name="Command line test" finished-at="2019-09-11T07:54:07Z" duration-ms="26">
      <class name="mbabilo.Tests">
        <test-method signature="testAssertThatListHasItems()[pri:0, instance:mbabilo.Tests@51e5fc98]" started-at="2019-09-11T07:54:07Z" name="testAssertThatListHasItems" finished-at="2019-09-11T07:54:07Z" duration-ms="9" status="PASS">
          <reporter-output>
          </reporter-output>
        </test-method> <!-- testAssertThatListHasItems -->
      </class> <!-- mbabilo.Tests -->
    </test> <!-- Command line test -->
  </suite> <!-- mbabilo.Tests -->
</testng-results>
